<?xml version="1.0" encoding="UTF-8"?>
<!-- Generated by org.testng.reporters.JUnitXMLReporter -->
<testsuite hostname="WKWIN5543692" name="Command line test" tests="1" failures="1" timestamp="14 Dec 2018 18:52:37 GMT" time="14.548" errors="0">
  <testcase name="validateHomePageLayout" time="5.827" classname="Automation.GalenFramework.GalenJavaTest">
    <failure type="java.lang.AssertionError" message="Layout test failed">
      <![CDATA[java.lang.AssertionError: Layout test failed
	at Automation.GalenFramework.GalenJavaTest.validateHomePageLayout(GalenJavaTest.java:56)
... Removed 34 stack frames]]>
    </failure>
  </testcase> <!-- validateHomePageLayout -->
</testsuite> <!-- Command line test -->
