-------------------------------------------------------------------------------
Test set: Automation.GalenFramework.GalenJavaTest
-------------------------------------------------------------------------------
Tests run: 1, Failures: 1, Errors: 0, Skipped: 0, Time elapsed: 15.22 sec <<< FAILURE!
validateHomePageLayout(Automation.GalenFramework.GalenJavaTest)  Time elapsed: 5.839 sec  <<< FAILURE!
java.lang.AssertionError: Layout test failed
	at org.testng.Assert.fail(Assert.java:94)
	at Automation.GalenFramework.GalenJavaTest.validateHomePageLayout(GalenJavaTest.java:56)

